<?xml version="1.0" encoding="UTF-8"?>
<testng-results ignored="0" total="1" passed="1" failed="0" skipped="0">
  <reporter-output>
  </reporter-output>
  <suite started-at="2025-10-23T11:48:51 IST" name="Default suite" finished-at="2025-10-23T11:49:03 IST" duration-ms="11765">
    <groups>
    </groups>
    <test started-at="2025-10-23T11:48:51 IST" name="Default test" finished-at="2025-10-23T11:49:03 IST" duration-ms="11765">
      <class name="LoginTest">
        <test-method is-config="true" signature="setup()[pri:0, instance:LoginTest@40005471]" started-at="2025-10-23T11:48:51 IST" name="setup" finished-at="2025-10-23T11:49:02 IST" duration-ms="10576" status="PASS">
          <reporter-output>
          </reporter-output>
        </test-method> <!-- setup -->
        <test-method signature="testLogin()[pri:0, instance:LoginTest@40005471]" started-at="2025-10-23T11:49:02 IST" name="testLogin" finished-at="2025-10-23T11:49:02 IST" duration-ms="858" status="PASS">
          <reporter-output>
          </reporter-output>
        </test-method> <!-- testLogin -->
        <test-method is-config="true" signature="tearDown()[pri:0, instance:LoginTest@40005471]" started-at="2025-10-23T11:49:02 IST" name="tearDown" finished-at="2025-10-23T11:49:03 IST" duration-ms="284" status="PASS">
          <reporter-output>
          </reporter-output>
        </test-method> <!-- tearDown -->
      </class> <!-- LoginTest -->
    </test> <!-- Default test -->
  </suite> <!-- Default suite -->
</testng-results>
